<?xml version="1.0" encoding="UTF-8"?>
<!-- Generated by org.testng.reporters.JUnitReportReporter -->
<testsuite skipped="1" hostname="LAPTOP-EUTQRU8P" name="seleniumHandsOn.TestGitCommit" tests="2" failures="0" timestamp="2021-09-08T10:08:23 IST" time="32.424" errors="1">
  <testcase name="OpenBrowser" time="32.424" classname="seleniumHandsOn.TestGitCommit">
    <error type="org.openqa.selenium.SessionNotCreatedException" message="session not created: This version of ChromeDriver only supports Chrome version 91
Current browser version is 93.0.4577.63 with binary path C:\Program Files (x86)\Google\Chrome\Application\chrome.exe
Build info: version: &#039;3.141.59&#039;, revision: &#039;e82be7d358&#039;, time: &#039;2018-11-14T08:25:48&#039;
System info: host: &#039;LAPTOP-EUTQRU8P&#039;, ip: &#039;192.168.43.178&#039;, os.name: &#039;Windows 10&#039;, os.arch: &#039;amd64&#039;, os.version: &#039;10.0&#039;, java.version: &#039;1.8.0_271&#039;
Driver info: driver.version: ChromeDriver
remote stacktrace: Backtrace:
	Ordinal0 [0x00B92DB3+2502067]
	Ordinal0 [0x00B2C5B1+2082225]
	Ordinal0 [0x00A32498+1057944]
	Ordinal0 [0x00A505DA+1181146]
	Ordinal0 [0x00A4C43C+1164348]
	Ordinal0 [0x00A49C73+1154163]
	Ordinal0 [0x00A79A22+1350178]
	Ordinal0 [0x00A7967A+1349242]
	Ordinal0 [0x00A75BEB+1334251]
	Ordinal0 [0x00A52174+1188212]
	Ordinal0 [0x00A53009+1191945]
	GetHandleVerifier [0x00D0EC5C+1511084]
	GetHandleVerifier [0x00DB8522+2205554]
	GetHandleVerifier [0x00C13393+480739]
	GetHandleVerifier [0x00C12579+477129]
	Ordinal0 [0x00B31E5D+2104925]
	Ordinal0 [0x00B363F8+2122744]
	Ordinal0 [0x00B36537+2123063]
	Ordinal0 [0x00B3EE53+2158163]
	BaseThreadInitThunk [0x76266359+25]
	RtlGetAppContainerNamedObjectPath [0x77778944+228]
	RtlGetAppContainerNamedObjectPath [0x77778914+180]
">
      <![CDATA[org.openqa.selenium.SessionNotCreatedException: session not created: This version of ChromeDriver only supports Chrome version 91
Current browser version is 93.0.4577.63 with binary path C:\Program Files (x86)\Google\Chrome\Application\chrome.exe
Build info: version: '3.141.59', revision: 'e82be7d358', time: '2018-11-14T08:25:48'
System info: host: 'LAPTOP-EUTQRU8P', ip: '192.168.43.178', os.name: 'Windows 10', os.arch: 'amd64', os.version: '10.0', java.version: '1.8.0_271'
Driver info: driver.version: ChromeDriver
remote stacktrace: Backtrace:
Ordinal0 [0x00B92DB3+2502067]
Ordinal0 [0x00B2C5B1+2082225]
Ordinal0 [0x00A32498+1057944]
Ordinal0 [0x00A505DA+1181146]
Ordinal0 [0x00A4C43C+1164348]
Ordinal0 [0x00A49C73+1154163]
Ordinal0 [0x00A79A22+1350178]
Ordinal0 [0x00A7967A+1349242]
Ordinal0 [0x00A75BEB+1334251]
Ordinal0 [0x00A52174+1188212]
Ordinal0 [0x00A53009+1191945]
GetHandleVerifier [0x00D0EC5C+1511084]
GetHandleVerifier [0x00DB8522+2205554]
GetHandleVerifier [0x00C13393+480739]
GetHandleVerifier [0x00C12579+477129]
Ordinal0 [0x00B31E5D+2104925]
Ordinal0 [0x00B363F8+2122744]
Ordinal0 [0x00B36537+2123063]
Ordinal0 [0x00B3EE53+2158163]
BaseThreadInitThunk [0x76266359+25]
RtlGetAppContainerNamedObjectPath [0x77778944+228]
RtlGetAppContainerNamedObjectPath [0x77778914+180]

at sun.reflect.NativeConstructorAccessorImpl.newInstance0(Native Method)
at sun.reflect.NativeConstructorAccessorImpl.newInstance(NativeConstructorAccessorImpl.java:62)
at sun.reflect.DelegatingConstructorAccessorImpl.newInstance(DelegatingConstructorAccessorImpl.java:45)
at java.lang.reflect.Constructor.newInstance(Constructor.java:423)
at org.openqa.selenium.remote.W3CHandshakeResponse.lambda$errorHandler$0(W3CHandshakeResponse.java:62)
at org.openqa.selenium.remote.HandshakeResponse.lambda$getResponseFunction$0(HandshakeResponse.java:30)
at org.openqa.selenium.remote.ProtocolHandshake.lambda$createSession$0(ProtocolHandshake.java:126)
at java.util.stream.ReferencePipeline$3$1.accept(ReferencePipeline.java:193)
at java.util.Spliterators$ArraySpliterator.tryAdvance(Spliterators.java:958)
at java.util.stream.ReferencePipeline.forEachWithCancel(ReferencePipeline.java:126)
at java.util.stream.AbstractPipeline.copyIntoWithCancel(AbstractPipeline.java:499)
at java.util.stream.AbstractPipeline.copyInto(AbstractPipeline.java:486)
at java.util.stream.AbstractPipeline.wrapAndCopyInto(AbstractPipeline.java:472)
at java.util.stream.FindOps$FindOp.evaluateSequential(FindOps.java:152)
at java.util.stream.AbstractPipeline.evaluate(AbstractPipeline.java:234)
at java.util.stream.ReferencePipeline.findFirst(ReferencePipeline.java:464)
at org.openqa.selenium.remote.ProtocolHandshake.createSession(ProtocolHandshake.java:128)
at org.openqa.selenium.remote.ProtocolHandshake.createSession(ProtocolHandshake.java:74)
at org.openqa.selenium.remote.HttpCommandExecutor.execute(HttpCommandExecutor.java:136)
at org.openqa.selenium.remote.service.DriverCommandExecutor.execute(DriverCommandExecutor.java:83)
at org.openqa.selenium.remote.RemoteWebDriver.execute(RemoteWebDriver.java:552)
at org.openqa.selenium.remote.RemoteWebDriver.startSession(RemoteWebDriver.java:213)
at org.openqa.selenium.remote.RemoteWebDriver.<init>(RemoteWebDriver.java:131)
at org.openqa.selenium.chrome.ChromeDriver.<init>(ChromeDriver.java:181)
at org.openqa.selenium.chrome.ChromeDriver.<init>(ChromeDriver.java:168)
at org.openqa.selenium.chrome.ChromeDriver.<init>(ChromeDriver.java:123)
at seleniumHandsOn.TestGitCommit.OpenBrowser(TestGitCommit.java:15)
at sun.reflect.NativeMethodAccessorImpl.invoke0(Native Method)
at sun.reflect.NativeMethodAccessorImpl.invoke(NativeMethodAccessorImpl.java:62)
at sun.reflect.DelegatingMethodAccessorImpl.invoke(DelegatingMethodAccessorImpl.java:43)
at java.lang.reflect.Method.invoke(Method.java:498)
at org.testng.internal.MethodInvocationHelper.invokeMethod(MethodInvocationHelper.java:132)
at org.testng.internal.MethodInvocationHelper.invokeMethodConsideringTimeout(MethodInvocationHelper.java:61)
at org.testng.internal.ConfigInvoker.invokeConfigurationMethod(ConfigInvoker.java:366)
at org.testng.internal.ConfigInvoker.invokeConfigurations(ConfigInvoker.java:320)
at org.testng.TestRunner.invokeTestConfigurations(TestRunner.java:617)
at org.testng.TestRunner.beforeRun(TestRunner.java:607)
at org.testng.TestRunner.run(TestRunner.java:578)
at org.testng.SuiteRunner.runTest(SuiteRunner.java:384)
at org.testng.SuiteRunner.runSequentially(SuiteRunner.java:378)
at org.testng.SuiteRunner.privateRun(SuiteRunner.java:337)
at org.testng.SuiteRunner.run(SuiteRunner.java:286)
at org.testng.SuiteRunnerWorker.runSuite(SuiteRunnerWorker.java:53)
at org.testng.SuiteRunnerWorker.run(SuiteRunnerWorker.java:96)
at org.testng.TestNG.runSuitesSequentially(TestNG.java:1218)
at org.testng.TestNG.runSuitesLocally(TestNG.java:1140)
at org.testng.TestNG.runSuites(TestNG.java:1069)
at org.testng.TestNG.run(TestNG.java:1037)
at org.testng.remote.AbstractRemoteTestNG.run(AbstractRemoteTestNG.java:115)
at org.testng.remote.RemoteTestNG.initAndRun(RemoteTestNG.java:251)
at org.testng.remote.RemoteTestNG.main(RemoteTestNG.java:77)
]]>
    </error>
  </testcase> <!-- OpenBrowser -->
  <system-out/>
  <testcase name="CloseBrowser" time="0.000" classname="seleniumHandsOn.TestGitCommit">
    <skipped/>
  </testcase> <!-- CloseBrowser -->
  <system-out/>
</testsuite> <!-- seleniumHandsOn.TestGitCommit -->
